<?xml version="1.0" encoding="UTF-8"?>
<testng-results skipped="0" failed="1" ignored="0" total="5" passed="4">
  <reporter-output>
    <line>
      <![CDATA[--- Creating a Customer ---]]>
    </line>
    <line>
      <![CDATA[-- Validating success message---]]>
    </line>
    <line>
      <![CDATA[Toast message is : ]]>
    </line>
    <line>
      <![CDATA[Toast message is disappeared!]]>
    </line>
    <line>
      <![CDATA[--- Creating a Customer is successfull ---]]>
    </line>
    <line>
      <![CDATA[--- Creating a Customer ---]]>
    </line>
    <line>
      <![CDATA[-- Validating success message---<br>]]>
    </line>
    <line>
      <![CDATA[Toast message is : Project 'PRoject20' has been created]]>
    </line>
    <line>
      <![CDATA[Toast message is disappeared!]]>
    </line>
    <line>
      <![CDATA[--- Creating a Project is successfull---]]>
    </line>
    <line>
      <![CDATA[--- Creating a Customer ---]]>
    </line>
    <line>
      <![CDATA[-- Validating success message---]]>
    </line>
    <line>
      <![CDATA[Toast message is : 5 tasks have been created in project 'PRoject2' of customer 'SkillBay-Cust3']]>
    </line>
    <line>
      <![CDATA[Toast message is disappeared!]]>
    </line>
    <line>
      <![CDATA[--- Creating a Task is successfull ---]]>
    </line>
  </reporter-output>
  <suite name="Default suite" duration-ms="61433" started-at="2021-02-28T04:11:54Z" finished-at="2021-02-28T04:12:55Z">
    <groups>
    </groups>
    <test name="ScreenShot test" duration-ms="22689" started-at="2021-02-28T04:11:54Z" finished-at="2021-02-28T04:12:16Z">
      <class name="com.skillbay.testng.ScreenShotDemo">
        <test-method status="PASS" signature="createDriver()[pri:0, instance:com.skillbay.testng.ScreenShotDemo@31ef45e3]" name="createDriver" is-config="true" duration-ms="4851" started-at="2021-02-28T04:11:54Z" finished-at="2021-02-28T04:11:58Z">
          <reporter-output>
          </reporter-output>
        </test-method> <!-- createDriver -->
        <test-method status="FAIL" signature="loginWithInValidCredentials()[pri:0, instance:com.skillbay.testng.ScreenShotDemo@31ef45e3]" name="loginWithInValidCredentials" duration-ms="8517" started-at="2021-02-28T04:11:58Z" finished-at="2021-02-28T04:12:07Z">
          <exception class="java.lang.AssertionError">
            <message>
              <![CDATA[expected [actiTIME - Enter Time-Track] but found [actiTIME - Login]]]>
            </message>
            <full-stacktrace>
              <![CDATA[java.lang.AssertionError: expected [actiTIME - Enter Time-Track] but found [actiTIME - Login]
at org.testng.Assert.fail(Assert.java:96)
at org.testng.Assert.failNotEquals(Assert.java:776)
at org.testng.Assert.assertEqualsImpl(Assert.java:137)
at org.testng.Assert.assertEquals(Assert.java:118)
at org.testng.Assert.assertEquals(Assert.java:453)
at org.testng.Assert.assertEquals(Assert.java:463)
at com.skillbay.testng.ScreenShotDemo.loginWithInValidCredentials(ScreenShotDemo.java:64)
at sun.reflect.NativeMethodAccessorImpl.invoke0(Native Method)
at sun.reflect.NativeMethodAccessorImpl.invoke(NativeMethodAccessorImpl.java:62)
at sun.reflect.DelegatingMethodAccessorImpl.invoke(DelegatingMethodAccessorImpl.java:43)
at java.lang.reflect.Method.invoke(Method.java:498)
at org.testng.internal.MethodInvocationHelper.invokeMethod(MethodInvocationHelper.java:124)
at org.testng.internal.Invoker.invokeMethod(Invoker.java:583)
at org.testng.internal.Invoker.invokeTestMethod(Invoker.java:719)
at org.testng.internal.Invoker.invokeTestMethods(Invoker.java:989)
at org.testng.internal.TestMethodWorker.invokeTestMethods(TestMethodWorker.java:125)
at org.testng.internal.TestMethodWorker.run(TestMethodWorker.java:109)
at org.testng.TestRunner.privateRun(TestRunner.java:648)
at org.testng.TestRunner.run(TestRunner.java:505)
at org.testng.SuiteRunner.runTest(SuiteRunner.java:455)
at org.testng.SuiteRunner.access$000(SuiteRunner.java:40)
at org.testng.SuiteRunner$SuiteWorker.run(SuiteRunner.java:489)
at org.testng.internal.thread.ThreadUtil$1.call(ThreadUtil.java:52)
at java.util.concurrent.FutureTask.run(FutureTask.java:266)
at java.util.concurrent.ThreadPoolExecutor.runWorker(ThreadPoolExecutor.java:1149)
at java.util.concurrent.ThreadPoolExecutor$Worker.run(ThreadPoolExecutor.java:624)
at java.lang.Thread.run(Thread.java:748)
]]>
            </full-stacktrace>
          </exception> <!-- java.lang.AssertionError -->
          <reporter-output>
          </reporter-output>
        </test-method> <!-- loginWithInValidCredentials -->
        <test-method status="PASS" signature="executionstatus(org.testng.ITestResult)[pri:0, instance:com.skillbay.testng.ScreenShotDemo@31ef45e3]" name="executionstatus" is-config="true" duration-ms="5184" started-at="2021-02-28T04:12:07Z" finished-at="2021-02-28T04:12:12Z">
          <params>
            <param index="0">
              <value>
                <![CDATA[[TestResult name=loginWithInValidCredentials status=FAILURE method=ScreenShotDemo.loginWithInValidCredentials()[pri:0, instance:com.skillbay.testng.ScreenShotDemo@31ef45e3] output={null}]]]>
              </value>
            </param>
          </params>
          <reporter-output>
          </reporter-output>
        </test-method> <!-- executionstatus -->
        <test-method status="PASS" signature="loginWithValidCredentials()[pri:0, instance:com.skillbay.testng.ScreenShotDemo@31ef45e3]" name="loginWithValidCredentials" duration-ms="3758" started-at="2021-02-28T04:12:12Z" finished-at="2021-02-28T04:12:16Z">
          <reporter-output>
          </reporter-output>
        </test-method> <!-- loginWithValidCredentials -->
        <test-method status="PASS" signature="executionstatus(org.testng.ITestResult)[pri:0, instance:com.skillbay.testng.ScreenShotDemo@31ef45e3]" name="executionstatus" is-config="true" duration-ms="1" started-at="2021-02-28T04:12:16Z" finished-at="2021-02-28T04:12:16Z">
          <params>
            <param index="0">
              <value>
                <![CDATA[[TestResult name=loginWithValidCredentials status=SUCCESS method=ScreenShotDemo.loginWithValidCredentials()[pri:0, instance:com.skillbay.testng.ScreenShotDemo@31ef45e3] output={null}]]]>
              </value>
            </param>
          </params>
          <reporter-output>
          </reporter-output>
        </test-method> <!-- executionstatus -->
        <test-method status="PASS" signature="closeDriver()[pri:0, instance:com.skillbay.testng.ScreenShotDemo@31ef45e3]" name="closeDriver" is-config="true" duration-ms="360" started-at="2021-02-28T04:12:16Z" finished-at="2021-02-28T04:12:16Z">
          <reporter-output>
          </reporter-output>
        </test-method> <!-- closeDriver -->
      </class> <!-- com.skillbay.testng.ScreenShotDemo -->
    </test> <!-- ScreenShot test -->
    <test name="Actitime test" duration-ms="61433" started-at="2021-02-28T04:11:54Z" finished-at="2021-02-28T04:12:55Z">
      <class name="com.skillbay.testng.ActitimeTests">
        <test-method status="PASS" signature="createReports()[pri:0, instance:com.skillbay.testng.ActitimeTests@73846619]" name="createReports" is-config="true" duration-ms="176" started-at="2021-02-28T04:11:53Z" finished-at="2021-02-28T04:11:54Z">
          <reporter-output>
          </reporter-output>
        </test-method> <!-- createReports -->
        <test-method status="PASS" signature="createDriver()[pri:0, instance:com.skillbay.testng.ActitimeTests@73846619]" name="createDriver" is-config="true" duration-ms="4440" started-at="2021-02-28T04:11:54Z" finished-at="2021-02-28T04:11:58Z">
          <reporter-output>
          </reporter-output>
        </test-method> <!-- createDriver -->
        <test-method status="PASS" signature="launchAndLogin()[pri:0, instance:com.skillbay.testng.ActitimeTests@73846619]" name="launchAndLogin" is-config="true" duration-ms="10483" started-at="2021-02-28T04:11:58Z" finished-at="2021-02-28T04:12:08Z">
          <reporter-output>
          </reporter-output>
        </test-method> <!-- launchAndLogin -->
        <test-method status="PASS" signature="createCustomer()[pri:0, instance:com.skillbay.testng.ActitimeTests@73846619]" name="createCustomer" duration-ms="12677" started-at="2021-02-28T04:12:08Z" finished-at="2021-02-28T04:12:21Z">
          <reporter-output>
            <line>
              <![CDATA[--- Creating a Customer ---]]>
            </line>
            <line>
              <![CDATA[-- Validating success message---]]>
            </line>
            <line>
              <![CDATA[Toast message is : ]]>
            </line>
            <line>
              <![CDATA[Toast message is disappeared!]]>
            </line>
            <line>
              <![CDATA[--- Creating a Customer is successfull ---]]>
            </line>
          </reporter-output>
        </test-method> <!-- createCustomer -->
        <test-method status="PASS" signature="logout()[pri:0, instance:com.skillbay.testng.ActitimeTests@73846619]" name="logout" is-config="true" duration-ms="317" started-at="2021-02-28T04:12:21Z" finished-at="2021-02-28T04:12:21Z">
          <reporter-output>
          </reporter-output>
        </test-method> <!-- logout -->
        <test-method status="PASS" signature="launchAndLogin()[pri:0, instance:com.skillbay.testng.ActitimeTests@73846619]" name="launchAndLogin" is-config="true" duration-ms="3536" started-at="2021-02-28T04:12:21Z" finished-at="2021-02-28T04:12:25Z">
          <reporter-output>
          </reporter-output>
        </test-method> <!-- launchAndLogin -->
        <test-method status="PASS" signature="createProject()[pri:0, instance:com.skillbay.testng.ActitimeTests@73846619]" name="createProject" duration-ms="7661" started-at="2021-02-28T04:12:25Z" finished-at="2021-02-28T04:12:33Z">
          <reporter-output>
            <line>
              <![CDATA[--- Creating a Customer ---]]>
            </line>
            <line>
              <![CDATA[-- Validating success message---<br>]]>
            </line>
            <line>
              <![CDATA[Toast message is : Project 'PRoject20' has been created]]>
            </line>
            <line>
              <![CDATA[Toast message is disappeared!]]>
            </line>
            <line>
              <![CDATA[--- Creating a Project is successfull---]]>
            </line>
          </reporter-output>
        </test-method> <!-- createProject -->
        <test-method status="PASS" signature="logout()[pri:0, instance:com.skillbay.testng.ActitimeTests@73846619]" name="logout" is-config="true" duration-ms="249" started-at="2021-02-28T04:12:33Z" finished-at="2021-02-28T04:12:33Z">
          <reporter-output>
          </reporter-output>
        </test-method> <!-- logout -->
        <test-method status="PASS" signature="launchAndLogin()[pri:0, instance:com.skillbay.testng.ActitimeTests@73846619]" name="launchAndLogin" is-config="true" duration-ms="3419" started-at="2021-02-28T04:12:33Z" finished-at="2021-02-28T04:12:36Z">
          <reporter-output>
          </reporter-output>
        </test-method> <!-- launchAndLogin -->
        <test-method status="PASS" signature="createTask()[pri:0, instance:com.skillbay.testng.ActitimeTests@73846619]" name="createTask" duration-ms="18135" started-at="2021-02-28T04:12:36Z" finished-at="2021-02-28T04:12:54Z">
          <reporter-output>
            <line>
              <![CDATA[--- Creating a Customer ---]]>
            </line>
            <line>
              <![CDATA[-- Validating success message---]]>
            </line>
            <line>
              <![CDATA[Toast message is : 5 tasks have been created in project 'PRoject2' of customer 'SkillBay-Cust3']]>
            </line>
            <line>
              <![CDATA[Toast message is disappeared!]]>
            </line>
            <line>
              <![CDATA[--- Creating a Task is successfull ---]]>
            </line>
          </reporter-output>
        </test-method> <!-- createTask -->
        <test-method status="PASS" signature="logout()[pri:0, instance:com.skillbay.testng.ActitimeTests@73846619]" name="logout" is-config="true" duration-ms="268" started-at="2021-02-28T04:12:54Z" finished-at="2021-02-28T04:12:55Z">
          <reporter-output>
          </reporter-output>
        </test-method> <!-- logout -->
        <test-method status="PASS" signature="closeDriver()[pri:0, instance:com.skillbay.testng.ActitimeTests@73846619]" name="closeDriver" is-config="true" duration-ms="217" started-at="2021-02-28T04:12:55Z" finished-at="2021-02-28T04:12:55Z">
          <reporter-output>
          </reporter-output>
        </test-method> <!-- closeDriver -->
        <test-method status="PASS" signature="saveReports()[pri:0, instance:com.skillbay.testng.ActitimeTests@73846619]" name="saveReports" is-config="true" duration-ms="436" started-at="2021-02-28T04:12:55Z" finished-at="2021-02-28T04:12:55Z">
          <reporter-output>
          </reporter-output>
        </test-method> <!-- saveReports -->
      </class> <!-- com.skillbay.testng.ActitimeTests -->
    </test> <!-- Actitime test -->
  </suite> <!-- Default suite -->
</testng-results>
